<?xml version="1.0" encoding="UTF-8"?>
<!-- Generated by org.testng.reporters.JUnitReportReporter -->
<testsuite hostname="LP-5CD151GGFP" failures="0" tests="2" name="com.package2.FirstTest" time="0.002" errors="0" timestamp="2022-04-29T13:06:03 IST" skipped="0">
  <testcase classname="com.package2.FirstTest" name="m3" time="0.001"/>
  <system-out/>
  <testcase classname="com.package2.FirstTest" name="m4" time="0.001"/>
  <system-out/>
</testsuite> <!-- com.package2.FirstTest -->
