<?xml version="1.0" encoding="UTF-8"?>
<!-- Generated by org.testng.reporters.JUnitReportReporter -->
<testsuite hostname="LP-5CD151GGFP" failures="0" tests="1" name="com.packageOne.TestNgDemo" time="0.000" errors="0" timestamp="2022-04-29T13:20:54 IST" skipped="0">
  <testcase classname="com.packageOne.TestNgDemo" name="m1" time="0.000"/>
  <system-out/>
</testsuite> <!-- com.packageOne.TestNgDemo -->
