<?xml version="1.0" encoding="UTF-8"?>
<!-- Generated by org.testng.reporters.JUnitReportReporter -->
<testsuite hostname="LP-5CD151GGFP" failures="0" tests="2" name="com.packageOne.AutoLaunchBrowsers" time="29.160" errors="0" timestamp="2022-04-29T13:20:54 IST" skipped="0">
  <testcase classname="com.packageOne.AutoLaunchBrowsers" name="SecondBrowser" time="14.069"/>
  <system-out/>
  <testcase classname="com.packageOne.AutoLaunchBrowsers" name="Browser" time="15.091"/>
  <system-out/>
</testsuite> <!-- com.packageOne.AutoLaunchBrowsers -->
