<?xml version="1.0" encoding="UTF-8"?>
<!-- Generated by org.testng.reporters.JUnitReportReporter -->
<testsuite hostname="LP-5CD151GGFP" failures="0" tests="2" name="com.package2.DemoTesting" time="0.003" errors="0" timestamp="2022-04-29T13:20:54 IST" skipped="0">
  <testcase classname="com.package2.DemoTesting" name="m2" time="0.000"/>
  <system-out/>
  <testcase classname="com.package2.DemoTesting" name="m1" time="0.003"/>
  <system-out/>
</testsuite> <!-- com.package2.DemoTesting -->
